mode: set
order-svc/internal/app/app.go:29.67,31.2 1 0
order-svc/internal/app/app.go:33.23,40.60 3 0
order-svc/internal/app/app.go:40.60,42.3 1 0
order-svc/internal/app/app.go:44.2,57.16 4 0
order-svc/internal/app/app.go:57.16,59.3 1 0
order-svc/internal/app/app.go:61.2,64.12 3 0
order-svc/internal/app/app.go:64.12,65.53 1 0
order-svc/internal/app/app.go:65.53,67.4 1 0
order-svc/internal/app/app.go:70.2,70.12 1 0
order-svc/internal/app/app.go:70.12,72.90 2 0
order-svc/internal/app/app.go:72.90,74.4 1 0
order-svc/internal/app/app.go:77.2,89.45 7 0
order-svc/internal/app/app.go:89.45,91.3 1 0
order-svc/internal/app/app.go:93.2,93.9 1 0
order-svc/internal/app/app.go:94.20,95.39 1 0
order-svc/internal/app/app.go:98.2,98.31 1 0
order-svc/internal/app/service.go:12.79,38.2 16 0
order-svc/main.go:11.13,17.16 3 0
order-svc/main.go:17.16,19.3 1 0
order-svc/main.go:21.2,24.33 3 0
order-svc/internal/dto/order_request.go:14.33,16.2 1 0
order-svc/internal/dto/event/global_event.go:25.32,27.2 1 0
order-svc/internal/dto/event/global_event.go:37.36,39.2 1 0
order-svc/internal/dto/event/global_event.go:62.21,74.2 1 0
order-svc/internal/dto/event/global_event.go:75.69,79.2 3 0
order-svc/internal/dto/event/global_event.go:81.54,83.2 1 0
order-svc/internal/delivery/messaging/order_listener.go:17.104,22.2 1 0
order-svc/internal/delivery/messaging/order_listener.go:24.70,24.84 1 0
order-svc/internal/delivery/messaging/order_listener.go:25.70,25.84 1 0
order-svc/internal/delivery/messaging/order_listener.go:27.111,29.36 1 0
order-svc/internal/delivery/messaging/order_listener.go:29.36,33.17 2 0
order-svc/internal/delivery/messaging/order_listener.go:33.17,35.4 1 0
order-svc/internal/delivery/messaging/order_listener.go:37.3,37.29 1 0
order-svc/internal/delivery/messaging/order_listener.go:38.37,39.56 1 0
order-svc/internal/delivery/messaging/order_listener.go:39.56,42.5 2 0
order-svc/internal/delivery/messaging/order_listener.go:44.4,44.63 1 0
order-svc/internal/delivery/messaging/order_listener.go:44.63,47.5 2 0
order-svc/internal/delivery/messaging/order_listener.go:49.4,49.67 1 0
order-svc/internal/delivery/messaging/order_listener.go:49.67,52.5 2 0
order-svc/internal/delivery/messaging/order_listener.go:54.4,54.64 1 0
order-svc/internal/delivery/messaging/order_listener.go:54.64,57.5 2 0
order-svc/internal/delivery/messaging/order_listener.go:59.44,61.63 1 0
order-svc/internal/delivery/messaging/order_listener.go:61.63,64.5 2 0
order-svc/internal/delivery/messaging/order_listener.go:66.4,66.54 1 0
order-svc/internal/delivery/messaging/order_listener.go:66.54,69.5 2 0
order-svc/internal/delivery/messaging/order_listener.go:71.4,71.55 1 0
order-svc/internal/delivery/messaging/order_listener.go:71.55,74.5 2 0
order-svc/internal/delivery/messaging/order_listener.go:76.49,77.60 1 0
order-svc/internal/delivery/messaging/order_listener.go:77.60,81.5 3 0
order-svc/internal/delivery/messaging/order_listener.go:84.3,84.17 1 0
order-svc/internal/delivery/messaging/order_listener.go:84.17,86.4 1 0
order-svc/internal/delivery/messaging/order_listener.go:88.3,88.28 1 0
order-svc/internal/delivery/messaging/order_listener.go:90.2,90.12 1 0
order-svc/internal/repository/mock/store.go:32.55,36.2 3 0
order-svc/internal/repository/mock/store.go:39.53,41.2 1 0
order-svc/internal/repository/mock/store.go:44.81,50.2 5 0
order-svc/internal/repository/mock/store.go:53.73,56.2 2 0
order-svc/internal/repository/mock/store.go:59.156,65.2 5 0
order-svc/internal/repository/mock/store.go:68.91,71.2 2 0
order-svc/internal/repository/mock/store.go:74.102,80.2 5 0
order-svc/internal/repository/mock/store.go:83.73,86.2 2 0
order-svc/internal/repository/mock/store.go:89.186,95.2 5 0
order-svc/internal/repository/mock/store.go:98.106,101.2 2 0
order-svc/internal/repository/mock/store.go:104.86,110.2 5 0
order-svc/internal/repository/mock/store.go:113.74,116.2 2 0
order-svc/internal/repository/mock/store.go:119.93,125.2 5 0
order-svc/internal/repository/mock/store.go:128.80,131.2 2 0
order-svc/internal/repository/mock/store.go:134.102,140.2 5 0
order-svc/internal/repository/mock/store.go:143.87,146.2 2 0
order-svc/internal/repository/mock/store.go:149.156,155.2 5 0
order-svc/internal/repository/mock/store.go:158.91,161.2 2 0
order-svc/internal/repository/mock/store.go:164.102,170.2 5 0
order-svc/internal/repository/mock/store.go:173.73,176.2 2 0
order-svc/internal/middleware/auth.go:12.39,13.30 1 0
order-svc/internal/middleware/auth.go:13.30,15.24 2 0
order-svc/internal/middleware/auth.go:15.24,19.4 3 0
order-svc/internal/middleware/auth.go:21.3,21.59 1 0
order-svc/internal/middleware/auth.go:21.59,23.4 1 0
order-svc/internal/middleware/auth.go:25.3,26.17 2 0
order-svc/internal/middleware/auth.go:26.17,30.4 3 0
order-svc/internal/middleware/auth.go:32.3,38.11 3 0
order-svc/internal/repository/sqlc/bank_account.sql.go:25.144,45.2 4 0
order-svc/internal/repository/sqlc/bank_account.sql.go:57.174,71.2 4 0
order-svc/internal/repository/sqlc/bank_account.sql.go:89.144,108.2 4 0
order-svc/internal/repository/sqlc/db.go:19.28,21.2 1 0
order-svc/internal/repository/sqlc/db.go:27.47,31.2 1 0
order-svc/internal/repository/sqlc/order.sql.go:19.79,24.2 4 0
order-svc/internal/repository/sqlc/order.sql.go:40.90,64.2 4 0
order-svc/internal/repository/sqlc/order.sql.go:70.79,87.2 4 0
order-svc/internal/repository/sqlc/order.sql.go:93.86,110.2 4 0
order-svc/internal/repository/sqlc/order.sql.go:118.95,120.16 2 0
order-svc/internal/repository/sqlc/order.sql.go:120.16,122.3 1 0
order-svc/internal/repository/sqlc/order.sql.go:123.2,125.18 3 0
order-svc/internal/repository/sqlc/order.sql.go:125.18,139.17 2 0
order-svc/internal/repository/sqlc/order.sql.go:139.17,141.4 1 0
order-svc/internal/repository/sqlc/order.sql.go:142.3,142.27 1 0
order-svc/internal/repository/sqlc/order.sql.go:144.2,144.37 1 0
order-svc/internal/repository/sqlc/order.sql.go:144.37,146.3 1 0
order-svc/internal/repository/sqlc/order.sql.go:147.2,147.35 1 0
order-svc/internal/repository/sqlc/order.sql.go:147.35,149.3 1 0
order-svc/internal/repository/sqlc/order.sql.go:150.2,150.19 1 0
order-svc/internal/repository/sqlc/order.sql.go:172.90,194.2 4 0
order-svc/internal/repository/sqlc/store.go:14.33,19.2 1 0
order-svc/internal/delivery/http/auth_handler.go:15.36,17.2 1 0
order-svc/internal/delivery/http/auth_handler.go:19.53,23.47 2 0
order-svc/internal/delivery/http/auth_handler.go:23.47,26.3 2 0
order-svc/internal/delivery/http/auth_handler.go:28.2,30.16 2 0
order-svc/internal/delivery/http/auth_handler.go:30.16,33.3 2 0
order-svc/internal/delivery/http/auth_handler.go:35.2,41.16 3 0
order-svc/internal/delivery/http/auth_handler.go:41.16,44.3 2 0
order-svc/internal/delivery/http/auth_handler.go:46.2,49.4 1 0
order-svc/internal/delivery/http/bank_regis_handler.go:14.86,16.2 1 1
order-svc/internal/delivery/http/bank_regis_handler.go:18.66,22.47 2 1
order-svc/internal/delivery/http/bank_regis_handler.go:22.47,25.3 2 1
order-svc/internal/delivery/http/bank_regis_handler.go:27.2,29.16 2 1
order-svc/internal/delivery/http/bank_regis_handler.go:29.16,32.3 2 1
order-svc/internal/delivery/http/bank_regis_handler.go:34.2,36.16 2 1
order-svc/internal/delivery/http/bank_regis_handler.go:36.16,39.3 2 0
order-svc/internal/delivery/http/bank_regis_handler.go:41.2,41.23 1 1
order-svc/internal/delivery/http/order_handler.go:19.67,21.2 1 1
order-svc/internal/delivery/http/order_handler.go:23.53,29.47 3 1
order-svc/internal/delivery/http/order_handler.go:29.47,32.3 2 1
order-svc/internal/delivery/http/order_handler.go:34.2,36.16 2 1
order-svc/internal/delivery/http/order_handler.go:36.16,39.3 2 1
order-svc/internal/delivery/http/order_handler.go:41.2,45.16 4 1
order-svc/internal/delivery/http/order_handler.go:45.16,48.3 2 1
order-svc/internal/delivery/http/order_handler.go:50.2,50.23 1 1
order-svc/internal/delivery/http/order_handler.go:53.53,63.19 4 1
order-svc/internal/delivery/http/order_handler.go:63.19,66.3 2 0
order-svc/internal/delivery/http/order_handler.go:68.2,70.16 2 1
order-svc/internal/delivery/http/order_handler.go:70.16,73.3 2 0
order-svc/internal/delivery/http/order_handler.go:75.2,77.16 2 1
order-svc/internal/delivery/http/order_handler.go:77.16,80.3 2 0
order-svc/internal/delivery/http/order_handler.go:82.2,85.16 3 1
order-svc/internal/delivery/http/order_handler.go:85.16,86.56 1 1
order-svc/internal/delivery/http/order_handler.go:86.56,89.4 2 1
order-svc/internal/delivery/http/order_handler.go:90.3,90.51 1 1
order-svc/internal/delivery/http/order_handler.go:90.51,93.4 2 1
order-svc/internal/delivery/http/order_handler.go:95.3,96.9 2 1
order-svc/internal/delivery/http/order_handler.go:99.2,99.23 1 1
order-svc/internal/delivery/http/order_handler.go:102.49,106.25 2 1
order-svc/internal/delivery/http/order_handler.go:106.25,109.3 2 1
order-svc/internal/delivery/http/order_handler.go:111.2,113.16 2 1
order-svc/internal/delivery/http/order_handler.go:113.16,116.3 2 1
order-svc/internal/delivery/http/order_handler.go:118.2,118.23 1 1
order-svc/internal/delivery/http/routes.go:5.64,7.2 1 0
order-svc/internal/delivery/http/routes.go:9.65,13.2 3 0
order-svc/internal/delivery/http/routes.go:15.70,17.2 1 0
order-svc/internal/dto/order_request.go:14.33,16.2 1 1
order-svc/internal/dto/event/global_event.go:25.32,27.2 1 0
order-svc/internal/dto/event/global_event.go:37.36,39.2 1 1
order-svc/internal/dto/event/global_event.go:62.21,74.2 1 1
order-svc/internal/dto/event/global_event.go:75.69,79.2 3 0
order-svc/internal/dto/event/global_event.go:81.54,83.2 1 1
order-svc/internal/middleware/auth.go:12.39,13.30 1 0
order-svc/internal/middleware/auth.go:13.30,15.24 2 0
order-svc/internal/middleware/auth.go:15.24,19.4 3 0
order-svc/internal/middleware/auth.go:21.3,21.59 1 0
order-svc/internal/middleware/auth.go:21.59,23.4 1 0
order-svc/internal/middleware/auth.go:25.3,26.17 2 0
order-svc/internal/middleware/auth.go:26.17,30.4 3 0
order-svc/internal/middleware/auth.go:32.3,38.11 3 0
order-svc/internal/repository/mock/store.go:32.55,36.2 3 1
order-svc/internal/repository/mock/store.go:39.53,41.2 1 1
order-svc/internal/repository/mock/store.go:44.81,50.2 5 0
order-svc/internal/repository/mock/store.go:53.73,56.2 2 0
order-svc/internal/repository/mock/store.go:59.156,65.2 5 1
order-svc/internal/repository/mock/store.go:68.91,71.2 2 1
order-svc/internal/repository/mock/store.go:74.102,80.2 5 1
order-svc/internal/repository/mock/store.go:83.73,86.2 2 1
order-svc/internal/repository/mock/store.go:89.186,95.2 5 0
order-svc/internal/repository/mock/store.go:98.106,101.2 2 0
order-svc/internal/repository/mock/store.go:104.86,110.2 5 1
order-svc/internal/repository/mock/store.go:113.74,116.2 2 1
order-svc/internal/repository/mock/store.go:119.93,125.2 5 0
order-svc/internal/repository/mock/store.go:128.80,131.2 2 0
order-svc/internal/repository/mock/store.go:134.102,140.2 5 1
order-svc/internal/repository/mock/store.go:143.87,146.2 2 1
order-svc/internal/repository/mock/store.go:149.156,155.2 5 0
order-svc/internal/repository/mock/store.go:158.91,161.2 2 0
order-svc/internal/repository/mock/store.go:164.102,170.2 5 1
order-svc/internal/repository/mock/store.go:173.73,176.2 2 1
order-svc/internal/repository/sqlc/bank_account.sql.go:25.144,45.2 4 0
order-svc/internal/repository/sqlc/bank_account.sql.go:57.174,71.2 4 0
order-svc/internal/repository/sqlc/bank_account.sql.go:89.144,108.2 4 0
order-svc/internal/repository/sqlc/db.go:19.28,21.2 1 0
order-svc/internal/repository/sqlc/db.go:27.47,31.2 1 0
order-svc/internal/repository/sqlc/order.sql.go:19.79,24.2 4 0
order-svc/internal/repository/sqlc/order.sql.go:40.90,64.2 4 0
order-svc/internal/repository/sqlc/order.sql.go:70.79,87.2 4 0
order-svc/internal/repository/sqlc/order.sql.go:93.86,110.2 4 0
order-svc/internal/repository/sqlc/order.sql.go:118.95,120.16 2 0
order-svc/internal/repository/sqlc/order.sql.go:120.16,122.3 1 0
order-svc/internal/repository/sqlc/order.sql.go:123.2,125.18 3 0
order-svc/internal/repository/sqlc/order.sql.go:125.18,139.17 2 0
order-svc/internal/repository/sqlc/order.sql.go:139.17,141.4 1 0
order-svc/internal/repository/sqlc/order.sql.go:142.3,142.27 1 0
order-svc/internal/repository/sqlc/order.sql.go:144.2,144.37 1 0
order-svc/internal/repository/sqlc/order.sql.go:144.37,146.3 1 0
order-svc/internal/repository/sqlc/order.sql.go:147.2,147.35 1 0
order-svc/internal/repository/sqlc/order.sql.go:147.35,149.3 1 0
order-svc/internal/repository/sqlc/order.sql.go:150.2,150.19 1 0
order-svc/internal/repository/sqlc/order.sql.go:172.90,194.2 4 0
order-svc/internal/repository/sqlc/store.go:14.33,19.2 1 0
order-svc/pkg/config.go:32.27,35.16 2 0
order-svc/pkg/config.go:35.16,37.3 1 0
order-svc/pkg/config.go:39.2,47.3 1 0
order-svc/pkg/config.go:50.29,53.16 2 0
order-svc/pkg/config.go:53.16,55.3 1 0
order-svc/pkg/config.go:57.2,58.16 2 0
order-svc/pkg/config.go:58.16,60.3 1 0
order-svc/pkg/config.go:63.2,64.16 2 0
order-svc/pkg/config.go:64.16,66.3 1 0
order-svc/pkg/config.go:68.2,69.16 2 0
order-svc/pkg/config.go:69.16,71.3 1 0
order-svc/pkg/config.go:73.2,73.12 1 0
order-svc/pkg/dbconn.go:11.51,16.16 4 0
order-svc/pkg/dbconn.go:16.16,18.3 1 0
order-svc/pkg/dbconn.go:20.2,25.11 5 0
order-svc/pkg/jwt.go:26.54,46.16 5 0
order-svc/pkg/jwt.go:46.16,48.3 1 0
order-svc/pkg/jwt.go:50.2,53.8 1 0
order-svc/pkg/jwt.go:56.57,57.104 1 0
order-svc/pkg/jwt.go:57.104,58.57 1 0
order-svc/pkg/jwt.go:58.57,60.4 1 0
order-svc/pkg/jwt.go:61.3,61.24 1 0
order-svc/pkg/jwt.go:64.2,64.16 1 0
order-svc/pkg/jwt.go:64.16,66.3 1 0
order-svc/pkg/jwt.go:68.2,68.61 1 0
order-svc/pkg/jwt.go:68.61,70.3 1 0
order-svc/pkg/jwt.go:72.2,72.41 1 0
order-svc/pkg/random.go:10.35,13.24 3 1
order-svc/pkg/random.go:13.24,15.3 1 1
order-svc/pkg/random.go:16.2,16.23 1 1
order-svc/pkg/producer/kafka_producer.go:14.79,23.16 8 1
order-svc/pkg/producer/kafka_producer.go:23.16,25.3 1 0
order-svc/pkg/producer/kafka_producer.go:27.2,30.8 1 1
order-svc/pkg/producer/kafka_producer.go:33.70,42.2 3 1
order-svc/pkg/producer/kafka_producer.go:44.40,46.2 1 0
order-svc/pkg/consumer/kafka_consumer.go:20.27,26.16 5 0
order-svc/pkg/consumer/kafka_consumer.go:26.16,28.3 1 0
order-svc/pkg/consumer/kafka_consumer.go:30.2,34.8 1 0
order-svc/pkg/consumer/kafka_consumer.go:37.61,38.6 1 0
order-svc/pkg/consumer/kafka_consumer.go:38.6,40.17 2 0
order-svc/pkg/consumer/kafka_consumer.go:40.17,42.4 1 0
order-svc/pkg/consumer/kafka_consumer.go:43.3,43.23 1 0
order-svc/pkg/consumer/kafka_consumer.go:43.23,45.4 1 0
order-svc/pkg/consumer/kafka_consumer.go:49.40,51.2 1 0
order-svc/pkg/producer/kafka_producer.go:14.79,23.16 8 0
order-svc/pkg/producer/kafka_producer.go:23.16,25.3 1 0
order-svc/pkg/producer/kafka_producer.go:27.2,30.8 1 0
order-svc/pkg/producer/kafka_producer.go:33.70,42.2 3 0
order-svc/pkg/producer/kafka_producer.go:44.40,46.2 1 0
order-svc/pkg/config.go:32.27,35.16 2 0
order-svc/pkg/config.go:35.16,37.3 1 0
order-svc/pkg/config.go:39.2,47.3 1 0
order-svc/pkg/config.go:50.29,53.16 2 0
order-svc/pkg/config.go:53.16,55.3 1 0
order-svc/pkg/config.go:57.2,58.16 2 0
order-svc/pkg/config.go:58.16,60.3 1 0
order-svc/pkg/config.go:63.2,64.16 2 0
order-svc/pkg/config.go:64.16,66.3 1 0
order-svc/pkg/config.go:68.2,69.16 2 0
order-svc/pkg/config.go:69.16,71.3 1 0
order-svc/pkg/config.go:73.2,73.12 1 0
order-svc/pkg/dbconn.go:11.51,16.16 4 0
order-svc/pkg/dbconn.go:16.16,18.3 1 0
order-svc/pkg/dbconn.go:20.2,25.11 5 0
order-svc/pkg/jwt.go:26.54,46.16 5 0
order-svc/pkg/jwt.go:46.16,48.3 1 0
order-svc/pkg/jwt.go:50.2,53.8 1 0
order-svc/pkg/jwt.go:56.57,57.104 1 0
order-svc/pkg/jwt.go:57.104,58.57 1 0
order-svc/pkg/jwt.go:58.57,60.4 1 0
order-svc/pkg/jwt.go:61.3,61.24 1 0
order-svc/pkg/jwt.go:64.2,64.16 1 0
order-svc/pkg/jwt.go:64.16,66.3 1 0
order-svc/pkg/jwt.go:68.2,68.61 1 0
order-svc/pkg/jwt.go:68.61,70.3 1 0
order-svc/pkg/jwt.go:72.2,72.41 1 0
order-svc/pkg/random.go:10.35,13.24 3 0
order-svc/pkg/random.go:13.24,15.3 1 0
order-svc/pkg/random.go:16.2,16.23 1 0
order-svc/internal/dto/order_request.go:14.33,16.2 1 1
order-svc/internal/dto/event/global_event.go:25.32,27.2 1 0
order-svc/internal/dto/event/global_event.go:37.36,39.2 1 1
order-svc/internal/dto/event/global_event.go:62.21,74.2 1 1
order-svc/internal/dto/event/global_event.go:75.69,79.2 3 0
order-svc/internal/dto/event/global_event.go:81.54,83.2 1 1
order-svc/internal/repository/mock/store.go:32.55,36.2 3 1
order-svc/internal/repository/mock/store.go:39.53,41.2 1 1
order-svc/internal/repository/mock/store.go:44.81,50.2 5 0
order-svc/internal/repository/mock/store.go:53.73,56.2 2 0
order-svc/internal/repository/mock/store.go:59.156,65.2 5 1
order-svc/internal/repository/mock/store.go:68.91,71.2 2 1
order-svc/internal/repository/mock/store.go:74.102,80.2 5 1
order-svc/internal/repository/mock/store.go:83.73,86.2 2 1
order-svc/internal/repository/mock/store.go:89.186,95.2 5 0
order-svc/internal/repository/mock/store.go:98.106,101.2 2 0
order-svc/internal/repository/mock/store.go:104.86,110.2 5 1
order-svc/internal/repository/mock/store.go:113.74,116.2 2 1
order-svc/internal/repository/mock/store.go:119.93,125.2 5 1
order-svc/internal/repository/mock/store.go:128.80,131.2 2 1
order-svc/internal/repository/mock/store.go:134.102,140.2 5 0
order-svc/internal/repository/mock/store.go:143.87,146.2 2 0
order-svc/internal/repository/mock/store.go:149.156,155.2 5 1
order-svc/internal/repository/mock/store.go:158.91,161.2 2 1
order-svc/internal/repository/mock/store.go:164.102,170.2 5 1
order-svc/internal/repository/mock/store.go:173.73,176.2 2 1
order-svc/internal/repository/sqlc/bank_account.sql.go:25.144,45.2 4 0
order-svc/internal/repository/sqlc/bank_account.sql.go:57.174,71.2 4 0
order-svc/internal/repository/sqlc/bank_account.sql.go:89.144,108.2 4 0
order-svc/internal/repository/sqlc/db.go:19.28,21.2 1 0
order-svc/internal/repository/sqlc/db.go:27.47,31.2 1 0
order-svc/internal/repository/sqlc/order.sql.go:19.79,24.2 4 0
order-svc/internal/repository/sqlc/order.sql.go:40.90,64.2 4 0
order-svc/internal/repository/sqlc/order.sql.go:70.79,87.2 4 0
order-svc/internal/repository/sqlc/order.sql.go:93.86,110.2 4 0
order-svc/internal/repository/sqlc/order.sql.go:118.95,120.16 2 0
order-svc/internal/repository/sqlc/order.sql.go:120.16,122.3 1 0
order-svc/internal/repository/sqlc/order.sql.go:123.2,125.18 3 0
order-svc/internal/repository/sqlc/order.sql.go:125.18,139.17 2 0
order-svc/internal/repository/sqlc/order.sql.go:139.17,141.4 1 0
order-svc/internal/repository/sqlc/order.sql.go:142.3,142.27 1 0
order-svc/internal/repository/sqlc/order.sql.go:144.2,144.37 1 0
order-svc/internal/repository/sqlc/order.sql.go:144.37,146.3 1 0
order-svc/internal/repository/sqlc/order.sql.go:147.2,147.35 1 0
order-svc/internal/repository/sqlc/order.sql.go:147.35,149.3 1 0
order-svc/internal/repository/sqlc/order.sql.go:150.2,150.19 1 0
order-svc/internal/repository/sqlc/order.sql.go:172.90,194.2 4 0
order-svc/internal/repository/sqlc/store.go:14.33,19.2 1 0
order-svc/internal/usecase/bank_registration_usecase.go:17.112,22.2 1 1
order-svc/internal/usecase/bank_registration_usecase.go:24.149,34.16 2 1
order-svc/internal/usecase/bank_registration_usecase.go:34.16,36.3 1 1
order-svc/internal/usecase/bank_registration_usecase.go:38.2,53.16 5 1
order-svc/internal/usecase/bank_registration_usecase.go:53.16,55.3 1 0
order-svc/internal/usecase/bank_registration_usecase.go:57.2,59.16 2 1
order-svc/internal/usecase/bank_registration_usecase.go:59.16,61.3 1 0
order-svc/internal/usecase/bank_registration_usecase.go:63.2,63.26 1 1
order-svc/internal/usecase/bank_registration_usecase.go:66.150,75.16 2 1
order-svc/internal/usecase/bank_registration_usecase.go:75.16,77.3 1 1
order-svc/internal/usecase/bank_registration_usecase.go:79.2,95.16 5 1
order-svc/internal/usecase/bank_registration_usecase.go:95.16,97.3 1 0
order-svc/internal/usecase/bank_registration_usecase.go:99.2,101.16 2 1
order-svc/internal/usecase/bank_registration_usecase.go:101.16,103.3 1 0
order-svc/internal/usecase/bank_registration_usecase.go:105.2,105.12 1 1
order-svc/internal/usecase/order_usecase.go:25.90,30.2 1 1
order-svc/internal/usecase/order_usecase.go:32.102,43.16 2 1
order-svc/internal/usecase/order_usecase.go:43.16,45.3 1 1
order-svc/internal/usecase/order_usecase.go:47.2,62.16 5 1
order-svc/internal/usecase/order_usecase.go:62.16,64.3 1 0
order-svc/internal/usecase/order_usecase.go:66.2,68.16 2 1
order-svc/internal/usecase/order_usecase.go:68.16,70.3 1 0
order-svc/internal/usecase/order_usecase.go:72.2,72.27 1 1
order-svc/internal/usecase/order_usecase.go:75.108,77.16 2 1
order-svc/internal/usecase/order_usecase.go:77.16,79.3 1 1
order-svc/internal/usecase/order_usecase.go:81.2,81.43 1 1
order-svc/internal/usecase/order_usecase.go:81.43,83.3 1 1
order-svc/internal/usecase/order_usecase.go:85.2,85.36 1 1
order-svc/internal/usecase/order_usecase.go:85.36,87.3 1 1
order-svc/internal/usecase/order_usecase.go:89.2,98.16 3 1
order-svc/internal/usecase/order_usecase.go:98.16,100.3 1 1
order-svc/internal/usecase/order_usecase.go:102.2,118.16 5 1
order-svc/internal/usecase/order_usecase.go:118.16,120.3 1 0
order-svc/internal/usecase/order_usecase.go:122.2,123.16 2 1
order-svc/internal/usecase/order_usecase.go:123.16,125.3 1 0
order-svc/internal/usecase/order_usecase.go:127.2,127.26 1 1
order-svc/internal/usecase/order_usecase.go:130.125,134.16 2 1
order-svc/internal/usecase/order_usecase.go:134.16,137.3 2 1
order-svc/internal/usecase/order_usecase.go:139.2,141.51 2 1
order-svc/internal/usecase/order_usecase.go:141.51,149.3 1 1
order-svc/internal/usecase/order_usecase.go:149.8,157.3 1 1
order-svc/internal/usecase/order_usecase.go:159.2,161.16 2 1
order-svc/internal/usecase/order_usecase.go:161.16,163.3 1 1
order-svc/internal/usecase/order_usecase.go:165.2,183.16 7 1
order-svc/internal/usecase/order_usecase.go:183.16,185.3 1 0
order-svc/internal/usecase/order_usecase.go:187.2,188.16 2 1
order-svc/internal/usecase/order_usecase.go:188.16,190.3 1 0
order-svc/internal/usecase/order_usecase.go:192.2,192.12 1 1
order-svc/internal/usecase/order_usecase.go:195.108,209.16 3 1
order-svc/internal/usecase/order_usecase.go:209.16,211.3 1 1
order-svc/internal/usecase/order_usecase.go:213.2,213.27 1 1
order-svc/internal/usecase/order_usecase.go:216.98,219.16 2 0
order-svc/internal/usecase/order_usecase.go:219.16,221.3 1 0
order-svc/internal/usecase/order_usecase.go:223.2,223.20 1 0
order-svc/pkg/config.go:32.27,35.16 2 0
order-svc/pkg/config.go:35.16,37.3 1 0
order-svc/pkg/config.go:39.2,47.3 1 0
order-svc/pkg/config.go:50.29,53.16 2 0
order-svc/pkg/config.go:53.16,55.3 1 0
order-svc/pkg/config.go:57.2,58.16 2 0
order-svc/pkg/config.go:58.16,60.3 1 0
order-svc/pkg/config.go:63.2,64.16 2 0
order-svc/pkg/config.go:64.16,66.3 1 0
order-svc/pkg/config.go:68.2,69.16 2 0
order-svc/pkg/config.go:69.16,71.3 1 0
order-svc/pkg/config.go:73.2,73.12 1 0
order-svc/pkg/dbconn.go:11.51,16.16 4 0
order-svc/pkg/dbconn.go:16.16,18.3 1 0
order-svc/pkg/dbconn.go:20.2,25.11 5 0
order-svc/pkg/jwt.go:26.54,46.16 5 0
order-svc/pkg/jwt.go:46.16,48.3 1 0
order-svc/pkg/jwt.go:50.2,53.8 1 0
order-svc/pkg/jwt.go:56.57,57.104 1 0
order-svc/pkg/jwt.go:57.104,58.57 1 0
order-svc/pkg/jwt.go:58.57,60.4 1 0
order-svc/pkg/jwt.go:61.3,61.24 1 0
order-svc/pkg/jwt.go:64.2,64.16 1 0
order-svc/pkg/jwt.go:64.16,66.3 1 0
order-svc/pkg/jwt.go:68.2,68.61 1 0
order-svc/pkg/jwt.go:68.61,70.3 1 0
order-svc/pkg/jwt.go:72.2,72.41 1 0
order-svc/pkg/random.go:10.35,13.24 3 1
order-svc/pkg/random.go:13.24,15.3 1 1
order-svc/pkg/random.go:16.2,16.23 1 1
order-svc/pkg/producer/kafka_producer.go:14.79,23.16 8 1
order-svc/pkg/producer/kafka_producer.go:23.16,25.3 1 0
order-svc/pkg/producer/kafka_producer.go:27.2,30.8 1 1
order-svc/pkg/producer/kafka_producer.go:33.70,42.2 3 1
order-svc/pkg/producer/kafka_producer.go:44.40,46.2 1 0
